🔗 Found pyo3 bindings
🐍 Found CPython 3.14 at /home/saurabh/planning/mssql-tds/mssql-py-core/.venv/bin/python
Ignoring pytest: markers 'extra == "dev"' don't match your environment
Ignoring pytest-asyncio: markers 'extra == "dev"' don't match your environment
Ignoring python-dotenv: markers 'extra == "dev"' don't match your environment
   Compiling pyo3-build-config v0.27.2
   Compiling mssql-tds v0.1.0 (/home/saurabh/planning/mssql-tds/mssql-tds)
   Compiling pyo3-ffi v0.27.2
   Compiling pyo3-macros-backend v0.27.2
   Compiling pyo3 v0.27.2
warning: unused import: `crate::message::messages::TdsError`
  --> /home/saurabh/planning/mssql-tds/mssql-tds/src/datatypes/tds_value_serializer.rs:15:5
   |
15 | use crate::message::messages::TdsError;
   |     ^^^^^^^^^^^^^^^^^^^^^^^^^^^^^^^^^^
   |
   = note: `#[warn(unused_imports)]` (part of `#[warn(unused)]`) on by default

warning: unused variable: `ctx`
    --> /home/saurabh/planning/mssql-tds/mssql-tds/src/datatypes/tds_value_serializer.rs:1209:9
     |
1209 |         ctx: &TdsTypeContext,
     |         ^^^ help: if this is intentional, prefix it with an underscore: `_ctx`
     |
     = note: `#[warn(unused_variables)]` (part of `#[warn(unused)]`) on by default

warning: unused variable: `server_tds_type`
   --> /home/saurabh/planning/mssql-tds/mssql-tds/src/datatypes/bulk_copy_metadata.rs:638:13
    |
638 |         let server_tds_type = col.data_type as u8;
    |             ^^^^^^^^^^^^^^^
    |
help: if this is intentional, prefix it with an underscore
    |
638 |         let _server_tds_type = col.data_type as u8;
    |             +
help: you might have meant to pattern match on the similarly named constant `FIXEDNULL`
    |
638 -         let server_tds_type = col.data_type as u8;
638 +         let message::bulk_load::FIXEDNULL = col.data_type as u8;
    |

warning: `mssql-tds` (lib) generated 3 warnings (run `cargo fix --lib -p mssql-tds` to apply 2 suggestions)
   Compiling pyo3-macros v0.27.2
   Compiling mssql-py-core v0.1.0 (/home/saurabh/planning/mssql-tds/mssql-py-core)
    Finished `dev` profile [unoptimized + debuginfo] target(s) in 7.77s
📦 Built wheel for CPython 3.14 to /tmp/.tmpVXU5vx/mssql_py_core-0.1.0-cp314-cp314-linux_x86_64.whl
✏️ Setting installed package as editable
🛠 Installed mssql-py-core-0.1.0
